<?xml version="1.0" encoding="UTF-8"?>
<!-- Generated by org.testng.reporters.JUnitReportReporter -->
<testsuite hostname="DESKTOP-MGUDHKL" failures="0" tests="2" name="testng.testng1" time="0.009" errors="0" timestamp="2024-08-17T16:05:56 IST" skipped="0">
  <testcase classname="testng.testng1" name="test1" time="0.007"/>
  <testcase classname="testng.testng1" name="test2" time="0.002"/>
</testsuite> <!-- testng.testng1 -->
