<?xml version="1.0" encoding="UTF-8"?>
<!-- Generated by org.testng.reporters.JUnitReportReporter -->
<testsuite hostname="DESKTOP-MGUDHKL" failures="0" tests="3" name="testng.logintest" time="0.012" errors="0" timestamp="2024-08-24T22:09:47 IST" skipped="0">
  <testcase classname="testng.logintest" name="loginbyemail" time="0.008"/>
  <testcase classname="testng.logintest" name="loginbyfb" time="0.002"/>
  <testcase classname="testng.logintest" name="loginbytwitter" time="0.002"/>
</testsuite> <!-- testng.logintest -->
