<?xml version="1.0" encoding="UTF-8"?>
<!-- Generated by org.testng.reporters.JUnitReportReporter -->
<testsuite hostname="DESKTOP-MGUDHKL" failures="0" tests="1" name="testng.p2" time="0.002" errors="0" timestamp="2024-08-24T16:52:33 IST" skipped="0">
  <testcase classname="testng.p2" name="ipmc" time="0.002"/>
</testsuite> <!-- testng.p2 -->
