<?xml version="1.0" encoding="UTF-8"?>
<!-- Generated by org.testng.reporters.JUnitReportReporter -->
<testsuite hostname="DESKTOP-MGUDHKL" failures="0" tests="2" name="testng.practice1" time="35.732" errors="0" timestamp="2024-08-17T17:00:48 IST" skipped="0">
  <testcase classname="testng.practice1" name="id" time="17.130"/>
  <testcase classname="testng.practice1" name="id1" time="18.602"/>
</testsuite> <!-- testng.practice1 -->
