<?xml version="1.0" encoding="UTF-8"?>
<!-- Generated by org.testng.reporters.JUnitReportReporter -->
<testsuite hostname="DESKTOP-MGUDHKL" failures="0" tests="3" name="testng.paymenttest" time="0.004" errors="0" timestamp="2024-08-24T22:09:47 IST" skipped="0">
  <testcase classname="testng.paymenttest" name="payinindia" time="0.001"/>
  <testcase classname="testng.paymenttest" name="payinus" time="0.001"/>
  <testcase classname="testng.paymenttest" name="payinafrica" time="0.002"/>
</testsuite> <!-- testng.paymenttest -->
