<?xml version="1.0" encoding="UTF-8"?>
<!-- Generated by org.testng.reporters.JUnitReportReporter -->
<testsuite hostname="DESKTOP-MGUDHKL" failures="0" tests="3" name="parameterization.parameterization" time="11.520" errors="0" timestamp="2024-08-25T15:43:58 IST" skipped="0">
  <testcase classname="parameterization.parameterization" name="testlogin" time="2.264"/>
  <testcase classname="parameterization.parameterization" name="testlogin" time="7.000"/>
  <testcase classname="parameterization.parameterization" name="testlogin" time="2.256"/>
</testsuite> <!-- parameterization.parameterization -->
