<?xml version="1.0" encoding="UTF-8"?>
<!-- Generated by org.testng.reporters.JUnitReportReporter -->
<testsuite hostname="DESKTOP-MGUDHKL" failures="0" tests="3" name="grouping.paymenttest" time="0.005" errors="0" timestamp="2024-08-24T22:14:28 IST" skipped="0">
  <testcase classname="grouping.paymenttest" name="payinindia" time="0.001"/>
  <testcase classname="grouping.paymenttest" name="payinus" time="0.002"/>
  <testcase classname="grouping.paymenttest" name="payinafrica" time="0.002"/>
</testsuite> <!-- grouping.paymenttest -->
