<?xml version="1.0" encoding="UTF-8"?>
<!-- Generated by org.testng.reporters.JUnitReportReporter -->
<testsuite hostname="DESKTOP-MGUDHKL" failures="0" tests="1" name="grouping.signuptest" time="0.001" errors="0" timestamp="2024-08-24T22:29:04 IST" skipped="0">
  <testcase classname="grouping.signuptest" name="signupbyemail" time="0.001"/>
</testsuite> <!-- grouping.signuptest -->
