<?xml version="1.0" encoding="UTF-8"?>
<!-- Generated by org.testng.reporters.JUnitReportReporter -->
<testsuite hostname="DESKTOP-MGUDHKL" failures="0" tests="1" name="testng.signuptest" time="0.002" errors="0" timestamp="2024-08-24T22:09:47 IST" skipped="0">
  <testcase classname="testng.signuptest" name="signupbyemail" time="0.002"/>
</testsuite> <!-- testng.signuptest -->
