<?xml version="1.0" encoding="UTF-8"?>
<!-- Generated by org.testng.reporters.JUnitReportReporter -->
<testsuite hostname="DESKTOP-MGUDHKL" failures="0" tests="2" name="testng.testng_annotations" time="0.011" errors="0" timestamp="2024-08-24T13:37:20 IST" skipped="0">
  <testcase classname="testng.testng_annotations" name="test2" time="0.004"/>
  <testcase classname="testng.testng_annotations" name="test1" time="0.007"/>
</testsuite> <!-- testng.testng_annotations -->
