<?xml version="1.0" encoding="UTF-8"?>
<!-- Generated by org.testng.reporters.JUnitReportReporter -->
<testsuite hostname="DESKTOP-MGUDHKL" failures="0" tests="3" name="grouping.logintest" time="0.011" errors="0" timestamp="2024-08-24T22:29:04 IST" skipped="0">
  <testcase classname="grouping.logintest" name="loginbyemail" time="0.008"/>
  <testcase classname="grouping.logintest" name="loginbyfb" time="0.001"/>
  <testcase classname="grouping.logintest" name="loginbytwitter" time="0.002"/>
</testsuite> <!-- grouping.logintest -->
